2024-03-11 13:24:42,622 DEBUG    root            Loaded Command Group: ['gcloud', 'components']
2024-03-11 13:24:42,624 DEBUG    root            Loaded Command Group: ['gcloud', 'components', 'update']
2024-03-11 13:24:42,627 DEBUG    root            Running [gcloud.components.update] with arguments: [--quiet: "True", COMPONENT-IDS:8: "['gcloud', 'core', 'bq', 'gsutil', 'compute', 'preview', 'alpha', 'beta']"]
2024-03-11 13:24:42,628 INFO     ___FILE_ONLY___ Beginning update. This process may take several minutes.

2024-03-11 13:24:42,634 DEBUG    urllib3.connectionpool Starting new HTTPS connection (1): dl.google.com:443
2024-03-11 13:24:42,747 DEBUG    urllib3.connectionpool https://dl.google.com:443 "GET /dl/cloudsdk/channels/rapid/components-2.json HTTP/1.1" 200 214450
2024-03-11 13:24:42,766 WARNING  root            Component [preview] no longer exists.
2024-03-11 13:24:42,766 WARNING  root            Component [compute] no longer exists.
2024-03-11 13:24:42,767 INFO     ___FILE_ONLY___ 

2024-03-11 13:24:42,768 INFO     ___FILE_ONLY___ 
Your current Google Cloud CLI version is: 467.0.0

2024-03-11 13:24:42,768 INFO     ___FILE_ONLY___ Installing components from version: 467.0.0

2024-03-11 13:24:42,768 INFO     ___FILE_ONLY___ 

2024-03-11 13:24:42,768 DEBUG    root            Chosen display Format:table[box,title="These components will be removed."](details.display_name:label=Name:align=left,version.version_string:label=Version:align=right,data.size.size(zero="",min=1048576):label=Size:align=right)
2024-03-11 13:24:42,769 DEBUG    root            Chosen display Format:table[box,title="These components will be updated."](details.display_name:label=Name:align=left,version.version_string:label=Version:align=right,data.size.size(zero="",min=1048576):label=Size:align=right)
2024-03-11 13:24:42,769 DEBUG    root            Chosen display Format:table[box,title="These components will be installed."](details.display_name:label=Name:align=left,version.version_string:label=Version:align=right,data.size.size(zero="",min=1048576):label=Size:align=right)
2024-03-11 13:24:42,771 INFO     ___FILE_ONLY___ ┌──────────────────────────────────────────────┐
2024-03-11 13:24:42,771 INFO     ___FILE_ONLY___ 

2024-03-11 13:24:42,771 INFO     ___FILE_ONLY___ │     These components will be installed.      │
2024-03-11 13:24:42,771 INFO     ___FILE_ONLY___ 

2024-03-11 13:24:42,771 INFO     ___FILE_ONLY___ ├───────────────────────┬────────────┬─────────┤
2024-03-11 13:24:42,771 INFO     ___FILE_ONLY___ 

2024-03-11 13:24:42,771 INFO     ___FILE_ONLY___ │          Name         │  Version   │   Size  │
2024-03-11 13:24:42,771 INFO     ___FILE_ONLY___ 

2024-03-11 13:24:42,771 INFO     ___FILE_ONLY___ ├───────────────────────┼────────────┼─────────┤
2024-03-11 13:24:42,771 INFO     ___FILE_ONLY___ 

2024-03-11 13:24:42,772 INFO     ___FILE_ONLY___ │ 
2024-03-11 13:24:42,772 INFO     ___FILE_ONLY___ gcloud Alpha Commands
2024-03-11 13:24:42,772 INFO     ___FILE_ONLY___  
2024-03-11 13:24:42,772 INFO     ___FILE_ONLY___ │ 
2024-03-11 13:24:42,772 INFO     ___FILE_ONLY___ 2024.02.29
2024-03-11 13:24:42,772 INFO     ___FILE_ONLY___  
2024-03-11 13:24:42,772 INFO     ___FILE_ONLY___ │ 
2024-03-11 13:24:42,772 INFO     ___FILE_ONLY___ < 1 MiB
2024-03-11 13:24:42,772 INFO     ___FILE_ONLY___  
2024-03-11 13:24:42,772 INFO     ___FILE_ONLY___ │
2024-03-11 13:24:42,772 INFO     ___FILE_ONLY___ 

2024-03-11 13:24:42,772 INFO     ___FILE_ONLY___ │ 
2024-03-11 13:24:42,772 INFO     ___FILE_ONLY___ gcloud Beta Commands 
2024-03-11 13:24:42,772 INFO     ___FILE_ONLY___  
2024-03-11 13:24:42,772 INFO     ___FILE_ONLY___ │ 
2024-03-11 13:24:42,772 INFO     ___FILE_ONLY___ 2024.02.29
2024-03-11 13:24:42,773 INFO     ___FILE_ONLY___  
2024-03-11 13:24:42,773 INFO     ___FILE_ONLY___ │ 
2024-03-11 13:24:42,773 INFO     ___FILE_ONLY___ < 1 MiB
2024-03-11 13:24:42,773 INFO     ___FILE_ONLY___  
2024-03-11 13:24:42,773 INFO     ___FILE_ONLY___ │
2024-03-11 13:24:42,773 INFO     ___FILE_ONLY___ 

2024-03-11 13:24:42,773 INFO     ___FILE_ONLY___ └───────────────────────┴────────────┴─────────┘
2024-03-11 13:24:42,773 INFO     ___FILE_ONLY___ 

2024-03-11 13:24:42,773 INFO     ___FILE_ONLY___ 

2024-03-11 13:24:42,777 DEBUG    urllib3.connectionpool Starting new HTTPS connection (1): dl.google.com:443
2024-03-11 13:24:42,894 DEBUG    urllib3.connectionpool https://dl.google.com:443 "GET /dl/cloudsdk/channels/rapid/RELEASE_NOTES HTTP/1.1" 200 1163855
2024-03-11 13:24:42,926 INFO     ___FILE_ONLY___ For the latest full release notes, please visit:
  https://cloud.google.com/sdk/release_notes


2024-03-11 13:24:42,928 INFO     ___FILE_ONLY___ ╔════════════════════════════════════════════════════════════╗

2024-03-11 13:24:42,929 INFO     ___FILE_ONLY___ ╠═ Creating update staging area                             ═╣

2024-03-11 13:24:42,929 INFO     ___FILE_ONLY___ ╚
2024-03-11 13:24:42,929 INFO     ___FILE_ONLY___ ══════
2024-03-11 13:24:43,559 INFO     ___FILE_ONLY___ ══════
2024-03-11 13:24:43,559 INFO     ___FILE_ONLY___ ══════
2024-03-11 13:24:44,268 INFO     ___FILE_ONLY___ ═
2024-03-11 13:24:44,306 INFO     ___FILE_ONLY___ ═
2024-03-11 13:24:44,358 INFO     ___FILE_ONLY___ ═
2024-03-11 13:24:44,396 INFO     ___FILE_ONLY___ ═
2024-03-11 13:24:44,438 INFO     ___FILE_ONLY___ ═
2024-03-11 13:24:44,477 INFO     ___FILE_ONLY___ ═
2024-03-11 13:24:44,519 INFO     ___FILE_ONLY___ ═
2024-03-11 13:24:44,567 INFO     ___FILE_ONLY___ ═
2024-03-11 13:24:44,738 INFO     ___FILE_ONLY___ ═
2024-03-11 13:24:44,819 INFO     ___FILE_ONLY___ ═
2024-03-11 13:24:44,974 INFO     ___FILE_ONLY___ ═
2024-03-11 13:24:45,038 INFO     ___FILE_ONLY___ ═
2024-03-11 13:24:45,118 INFO     ___FILE_ONLY___ ═
2024-03-11 13:24:45,193 INFO     ___FILE_ONLY___ ═
2024-03-11 13:24:45,269 INFO     ___FILE_ONLY___ ═
2024-03-11 13:24:45,329 INFO     ___FILE_ONLY___ ═
2024-03-11 13:24:45,486 INFO     ___FILE_ONLY___ ═
2024-03-11 13:24:45,546 INFO     ___FILE_ONLY___ ═
2024-03-11 13:24:45,612 INFO     ___FILE_ONLY___ ═
2024-03-11 13:24:45,654 INFO     ___FILE_ONLY___ ═
2024-03-11 13:24:45,709 INFO     ___FILE_ONLY___ ═
2024-03-11 13:24:45,795 INFO     ___FILE_ONLY___ ═
2024-03-11 13:24:45,861 INFO     ___FILE_ONLY___ ═
2024-03-11 13:24:45,913 INFO     ___FILE_ONLY___ ═
2024-03-11 13:24:45,972 INFO     ___FILE_ONLY___ ═
2024-03-11 13:24:46,041 INFO     ___FILE_ONLY___ ═
2024-03-11 13:24:46,180 INFO     ___FILE_ONLY___ ═
2024-03-11 13:24:46,234 INFO     ___FILE_ONLY___ ═
2024-03-11 13:24:46,290 INFO     ___FILE_ONLY___ ═
2024-03-11 13:24:46,367 INFO     ___FILE_ONLY___ ═
2024-03-11 13:24:46,423 INFO     ___FILE_ONLY___ ═
2024-03-11 13:24:46,478 INFO     ___FILE_ONLY___ ═
2024-03-11 13:24:46,537 INFO     ___FILE_ONLY___ ═
2024-03-11 13:24:46,594 INFO     ___FILE_ONLY___ ═
2024-03-11 13:24:46,650 INFO     ___FILE_ONLY___ ═
2024-03-11 13:24:46,716 INFO     ___FILE_ONLY___ ═
2024-03-11 13:24:46,789 INFO     ___FILE_ONLY___ ═
2024-03-11 13:24:46,847 INFO     ___FILE_ONLY___ ═
2024-03-11 13:24:47,003 INFO     ___FILE_ONLY___ ═
2024-03-11 13:24:47,063 INFO     ___FILE_ONLY___ ═
2024-03-11 13:24:47,131 INFO     ___FILE_ONLY___ ═
2024-03-11 13:24:47,206 INFO     ___FILE_ONLY___ ═
2024-03-11 13:24:47,206 INFO     ___FILE_ONLY___ ╝

2024-03-11 13:24:50,075 INFO     ___FILE_ONLY___ ╔════════════════════════════════════════════════════════════╗

2024-03-11 13:24:50,076 INFO     ___FILE_ONLY___ ╠═ Installing: gcloud Alpha Commands                        ═╣

2024-03-11 13:24:50,076 INFO     ___FILE_ONLY___ ╚
2024-03-11 13:24:50,080 DEBUG    urllib3.connectionpool Starting new HTTPS connection (1): dl.google.com:443
2024-03-11 13:24:50,149 DEBUG    urllib3.connectionpool https://dl.google.com:443 "GET /dl/cloudsdk/channels/rapid/components/google-cloud-sdk-alpha-20240229170130.tar.gz HTTP/1.1" 200 800
2024-03-11 13:24:50,150 INFO     ___FILE_ONLY___ ══════════════════════════════
2024-03-11 13:24:50,152 INFO     ___FILE_ONLY___ ══════════════════════════════
2024-03-11 13:24:50,152 INFO     ___FILE_ONLY___ ╝

2024-03-11 13:24:50,159 INFO     ___FILE_ONLY___ ╔════════════════════════════════════════════════════════════╗

2024-03-11 13:24:50,160 INFO     ___FILE_ONLY___ ╠═ Installing: gcloud Beta Commands                         ═╣

2024-03-11 13:24:50,160 INFO     ___FILE_ONLY___ ╚
2024-03-11 13:24:50,163 DEBUG    urllib3.connectionpool Starting new HTTPS connection (1): dl.google.com:443
2024-03-11 13:24:50,275 DEBUG    urllib3.connectionpool https://dl.google.com:443 "GET /dl/cloudsdk/channels/rapid/components/google-cloud-sdk-beta-20240229170130.tar.gz HTTP/1.1" 200 797
2024-03-11 13:24:50,276 INFO     ___FILE_ONLY___ ══════════════════════════════
2024-03-11 13:24:50,277 INFO     ___FILE_ONLY___ ══════════════════════════════
2024-03-11 13:24:50,277 INFO     ___FILE_ONLY___ ╝

2024-03-11 13:24:50,285 INFO     ___FILE_ONLY___ ╔════════════════════════════════════════════════════════════╗

2024-03-11 13:24:50,285 INFO     ___FILE_ONLY___ ╠═ Creating backup and activating new installation          ═╣

2024-03-11 13:24:50,285 INFO     ___FILE_ONLY___ ╚
2024-03-11 13:24:50,286 DEBUG    root            Attempting to move directory [/tools/google-cloud-sdk] to [/tools/google-cloud-sdk.staging/.install/.backup]
2024-03-11 13:24:50,286 INFO     ___FILE_ONLY___ ══════════════════════════════
2024-03-11 13:24:50,286 DEBUG    root            Attempting to move directory [/tools/google-cloud-sdk.staging] to [/tools/google-cloud-sdk]
2024-03-11 13:24:50,286 INFO     ___FILE_ONLY___ ══════════════════════════════
2024-03-11 13:24:50,286 INFO     ___FILE_ONLY___ ╝

2024-03-11 13:24:50,290 DEBUG    root            Updating notification cache...
2024-03-11 13:24:50,290 INFO     ___FILE_ONLY___ 

2024-03-11 13:24:50,292 INFO     ___FILE_ONLY___ Performing post processing steps...
2024-03-11 13:24:50,293 DEBUG    root            Executing command: ['/tools/google-cloud-sdk/bin/gcloud', 'components', 'post-process']
2024-03-11 13:25:02,088 DEBUG    ___FILE_ONLY___ 
2024-03-11 13:25:02,088 DEBUG    ___FILE_ONLY___ 
2024-03-11 13:25:02,311 INFO     ___FILE_ONLY___ 
Update done!


2024-03-11 13:25:02,314 DEBUG    root            Chosen display Format:none
2024-03-11 13:25:02,314 INFO     root            Display format: "none"
